0 info it worked if it ends with ok
1 verbose cli [ '/usr/local/bin/node',
1 verbose cli   '/usr/local/bin/npm',
1 verbose cli   'install',
1 verbose cli   'ngRoute' ]
2 info using npm@2.14.20
3 info using node@v4.4.0
4 verbose install initial load of /Users/sindhura vallabhaneni/Desktop/masters/package.json
5 warn package.json masters@1.0.0 No description
6 warn package.json masters@1.0.0 No repository field.
7 warn package.json masters@1.0.0 No README data
8 verbose installManyTop reading scoped package data from /Users/sindhura vallabhaneni/Desktop/masters/node_modules/angular/package.json
9 verbose installManyTop reading scoped package data from /Users/sindhura vallabhaneni/Desktop/masters/node_modules/express/package.json
10 verbose installManyTop reading scoped package data from /Users/sindhura vallabhaneni/Desktop/masters/node_modules/mongoose/package.json
11 verbose readDependencies loading dependencies from /Users/sindhura vallabhaneni/Desktop/masters/package.json
12 silly cache add args [ 'ngRoute', null ]
13 verbose cache add spec ngRoute
14 silly cache add parsed spec Result {
14 silly cache add   raw: 'ngRoute',
14 silly cache add   scope: null,
14 silly cache add   name: 'ngRoute',
14 silly cache add   rawSpec: '',
14 silly cache add   spec: 'latest',
14 silly cache add   type: 'tag' }
15 silly addNamed ngRoute@latest
16 verbose addNamed "latest" is being treated as a dist-tag for ngRoute
17 info addNameTag [ 'ngRoute', 'latest' ]
18 silly mapToRegistry name ngRoute
19 silly mapToRegistry using default registry
20 silly mapToRegistry registry https://registry.npmjs.org/
21 silly mapToRegistry uri https://registry.npmjs.org/ngRoute
22 verbose addNameTag registry:https://registry.npmjs.org/ngRoute not in flight; fetching
23 verbose request uri https://registry.npmjs.org/ngRoute
24 verbose request no auth needed
25 info attempt registry request try #1 at 4:52:31 PM
26 verbose request id b95ddca681e4d365
27 http request GET https://registry.npmjs.org/ngRoute
28 http 404 https://registry.npmjs.org/ngRoute
29 verbose headers { 'content-type': 'application/json',
29 verbose headers   'cache-control': 'max-age=0',
29 verbose headers   'content-length': '2',
29 verbose headers   'accept-ranges': 'bytes',
29 verbose headers   date: 'Fri, 01 Apr 2016 23:52:31 GMT',
29 verbose headers   via: '1.1 varnish',
29 verbose headers   age: '0',
29 verbose headers   connection: 'keep-alive',
29 verbose headers   'x-served-by': 'cache-sjc3124-SJC',
29 verbose headers   'x-cache': 'MISS',
29 verbose headers   'x-cache-hits': '0',
29 verbose headers   'x-timer': 'S1459554751.491692,VS0,VE60' }
30 silly get cb [ 404,
30 silly get   { 'content-type': 'application/json',
30 silly get     'cache-control': 'max-age=0',
30 silly get     'content-length': '2',
30 silly get     'accept-ranges': 'bytes',
30 silly get     date: 'Fri, 01 Apr 2016 23:52:31 GMT',
30 silly get     via: '1.1 varnish',
30 silly get     age: '0',
30 silly get     connection: 'keep-alive',
30 silly get     'x-served-by': 'cache-sjc3124-SJC',
30 silly get     'x-cache': 'MISS',
30 silly get     'x-cache-hits': '0',
30 silly get     'x-timer': 'S1459554751.491692,VS0,VE60' } ]
31 verbose stack Error: Registry returned 404 for GET on https://registry.npmjs.org/ngRoute
31 verbose stack     at makeError (/usr/local/lib/node_modules/npm/node_modules/npm-registry-client/lib/request.js:264:12)
31 verbose stack     at CachingRegistryClient.<anonymous> (/usr/local/lib/node_modules/npm/node_modules/npm-registry-client/lib/request.js:242:14)
31 verbose stack     at Request._callback (/usr/local/lib/node_modules/npm/node_modules/npm-registry-client/lib/request.js:172:14)
31 verbose stack     at Request.self.callback (/usr/local/lib/node_modules/npm/node_modules/request/request.js:199:22)
31 verbose stack     at emitTwo (events.js:87:13)
31 verbose stack     at Request.emit (events.js:172:7)
31 verbose stack     at Request.<anonymous> (/usr/local/lib/node_modules/npm/node_modules/request/request.js:1036:10)
31 verbose stack     at emitOne (events.js:82:20)
31 verbose stack     at Request.emit (events.js:169:7)
31 verbose stack     at IncomingMessage.<anonymous> (/usr/local/lib/node_modules/npm/node_modules/request/request.js:963:12)
32 verbose statusCode 404
33 verbose pkgid ngRoute
34 verbose cwd /Users/sindhura vallabhaneni/Desktop/masters
35 error Darwin 14.5.0
36 error argv "/usr/local/bin/node" "/usr/local/bin/npm" "install" "ngRoute"
37 error node v4.4.0
38 error npm  v2.14.20
39 error code E404
40 error 404 Registry returned 404 for GET on https://registry.npmjs.org/ngRoute
40 error 404
40 error 404 'ngRoute' is not in the npm registry.
40 error 404 Your package name is not valid, because
40 error 404
40 error 404  1. name can no longer contain capital letters
40 error 404 It was specified as a dependency of 'masters'
40 error 404
40 error 404 Note that you can also install from a
40 error 404 tarball, folder, http url, or git url.
41 verbose exit [ 1, true ]
